<?xml version="1.0" encoding="UTF-8"?>
<testsuite name="com.capgemini.test.AccountTest" tests="2" skipped="0" failures="0" errors="0" timestamp="2017-02-24T09:32:24" hostname="DIN51002991" time="0.108">
  <properties/>
  <testcase name="whenTheAmountIsLessThan500ItShouldThrowException" classname="com.capgemini.test.AccountTest" time="0.095"/>
  <testcase name="whenTheValidInfoIsPassedAccountObjectShouldBeCreatedSuccessfully" classname="com.capgemini.test.AccountTest" time="0.013"/>
  <system-out><![CDATA[]]></system-out>
  <system-err><![CDATA[]]></system-err>
</testsuite>
